<?xml version="1.0" encoding="UTF-8"?>
<!-- Generated by org.testng.reporters.JUnitXMLReporter -->
<testsuite ignored="0" hostname="Priya" failures="0" tests="3" name="Test" time="7.508" errors="0" timestamp="22 Nov 2021 18:31:43 GMT">
  <testcase classname="com.CICDAutomation.demo.AppTest" name="test1" time="1.744"/>
  <testcase classname="com.CICDAutomation.demo.AppTest" name="test2" time="1.297"/>
  <testcase classname="com.CICDAutomation.demo.AppTest" name="test3" time="1.284"/>
</testsuite> <!-- Test -->
