<?xml version="1.0" encoding="UTF-8"?>
<testng-results ignored="0" total="3" passed="3" failed="0" skipped="0">
  <reporter-output>
  </reporter-output>
  <suite started-at="2021-11-22T18:31:35Z" name="Suite" finished-at="2021-11-22T18:31:43Z" duration-ms="7508">
    <groups>
    </groups>
    <test started-at="2021-11-22T18:31:35Z" name="Test" finished-at="2021-11-22T18:31:43Z" duration-ms="7508">
      <class name="com.CICDAutomation.demo.AppTest">
        <test-method is-config="true" signature="launchDriver()[pri:0, instance:com.CICDAutomation.demo.AppTest@506ae4d4]" started-at="2021-11-22T18:31:35Z" name="launchDriver" finished-at="2021-11-22T18:31:37Z" duration-ms="1299" status="PASS">
          <reporter-output>
          </reporter-output>
        </test-method> <!-- launchDriver -->
        <test-method signature="test1()[pri:0, instance:com.CICDAutomation.demo.AppTest@506ae4d4]" started-at="2021-11-22T18:31:37Z" name="test1" finished-at="2021-11-22T18:31:38Z" duration-ms="1744" status="PASS">
          <reporter-output>
          </reporter-output>
        </test-method> <!-- test1 -->
        <test-method is-config="true" signature="connectionClose()[pri:0, instance:com.CICDAutomation.demo.AppTest@506ae4d4]" started-at="2021-11-22T18:31:38Z" name="connectionClose" finished-at="2021-11-22T18:31:39Z" duration-ms="154" status="PASS">
          <reporter-output>
          </reporter-output>
        </test-method> <!-- connectionClose -->
        <test-method is-config="true" signature="launchDriver()[pri:0, instance:com.CICDAutomation.demo.AppTest@506ae4d4]" started-at="2021-11-22T18:31:39Z" name="launchDriver" finished-at="2021-11-22T18:31:39Z" duration-ms="807" status="PASS">
          <reporter-output>
          </reporter-output>
        </test-method> <!-- launchDriver -->
        <test-method signature="test2()[pri:0, instance:com.CICDAutomation.demo.AppTest@506ae4d4]" started-at="2021-11-22T18:31:39Z" name="test2" finished-at="2021-11-22T18:31:41Z" duration-ms="1297" status="PASS">
          <reporter-output>
          </reporter-output>
        </test-method> <!-- test2 -->
        <test-method is-config="true" signature="connectionClose()[pri:0, instance:com.CICDAutomation.demo.AppTest@506ae4d4]" started-at="2021-11-22T18:31:41Z" name="connectionClose" finished-at="2021-11-22T18:31:41Z" duration-ms="104" status="PASS">
          <reporter-output>
          </reporter-output>
        </test-method> <!-- connectionClose -->
        <test-method is-config="true" signature="launchDriver()[pri:0, instance:com.CICDAutomation.demo.AppTest@506ae4d4]" started-at="2021-11-22T18:31:41Z" name="launchDriver" finished-at="2021-11-22T18:31:41Z" duration-ms="715" status="PASS">
          <reporter-output>
          </reporter-output>
        </test-method> <!-- launchDriver -->
        <test-method signature="test3()[pri:0, instance:com.CICDAutomation.demo.AppTest@506ae4d4]" started-at="2021-11-22T18:31:41Z" name="test3" finished-at="2021-11-22T18:31:43Z" duration-ms="1284" status="PASS">
          <reporter-output>
          </reporter-output>
        </test-method> <!-- test3 -->
        <test-method is-config="true" signature="connectionClose()[pri:0, instance:com.CICDAutomation.demo.AppTest@506ae4d4]" started-at="2021-11-22T18:31:43Z" name="connectionClose" finished-at="2021-11-22T18:31:43Z" duration-ms="81" status="PASS">
          <reporter-output>
          </reporter-output>
        </test-method> <!-- connectionClose -->
      </class> <!-- com.CICDAutomation.demo.AppTest -->
    </test> <!-- Test -->
  </suite> <!-- Suite -->
</testng-results>
